Tasks are decomposed in a grid 8 x 8

Task   16 :: 	grid coordinates :   0,   2
	neighbours: N    8    E   17    S   24    W   -2
Task    8 :: 	grid coordinates :   0,   1
	neighbours: N    0    E    9    S   16    W   -2
Task   40 :: 	grid coordinates :   0,   5
	neighbours: N   32    E   41    S   48    W   -2
Task   32 :: 	grid coordinates :   0,   4
	neighbours: N   24    E   33    S   40    W   -2
Task   24 :: 	grid coordinates :   0,   3
	neighbours: N   16    E   25    S   32    W   -2
Task   48 :: 	grid coordinates :   0,   6
	neighbours: N   40    E   49    S   56    W   -2
Task   56 :: 	grid coordinates :   0,   7
	neighbours: N   48    E   57    S   -2    W   -2
Task   25 :: 	grid coordinates :   1,   3
	neighbours: N   17    E   26    S   33    W   24
Task   26 :: 	grid coordinates :   2,   3
	neighbours: N   18    E   27    S   34    W   25
Task   27 :: 	grid coordinates :   3,   3
	neighbours: N   19    E   28    S   35    W   26
Task   28 :: 	grid coordinates :   4,   3
	neighbours: N   20    E   29    S   36    W   27
Task   29 :: 	grid coordinates :   5,   3
	neighbours: N   21    E   30    S   37    W   28
Task   30 :: 	grid coordinates :   6,   3
	neighbours: N   22    E   31    S   38    W   29
Task   31 :: 	grid coordinates :   7,   3
	neighbours: N   23    E   -2    S   39    W   30
Task   17 :: 	grid coordinates :   1,   2
	neighbours: N    9    E   18    S   25    W   16
Task   18 :: 	grid coordinates :   2,   2
	neighbours: N   10    E   19    S   26    W   17
Task   19 :: 	grid coordinates :   3,   2
	neighbours: N   11    E   20    S   27    W   18
Task   20 :: 	grid coordinates :   4,   2
	neighbours: N   12    E   21    S   28    W   19
Task   21 :: 	grid coordinates :   5,   2
	neighbours: N   13    E   22    S   29    W   20
Task   22 :: 	grid coordinates :   6,   2
	neighbours: N   14    E   23    S   30    W   21
Task   23 :: 	grid coordinates :   7,   2
	neighbours: N   15    E   -2    S   31    W   22
Task   41 :: 	grid coordinates :   1,   5
	neighbours: N   33    E   42    S   49    W   40
Task   57 :: 	grid coordinates :   1,   7
	neighbours: N   49    E   58    S   -2    W   56
Task   33 :: 	grid coordinates :   1,   4
	neighbours: N   25    E   34    S   41    W   32
Task   42 :: 	grid coordinates :   2,   5
	neighbours: N   34    E   43    S   50    W   41
Task   58 :: 	grid coordinates :   2,   7
	neighbours: N   50    E   59    S   -2    W   57
Task   34 :: 	grid coordinates :   2,   4
	neighbours: N   26    E   35    S   42    W   33
Task   43 :: 	grid coordinates :   3,   5
	neighbours: N   35    E   44    S   51    W   42
Task   59 :: 	grid coordinates :   3,   7
	neighbours: N   51    E   60    S   -2    W   58
Task   35 :: 	grid coordinates :   3,   4
	neighbours: N   27    E   36    S   43    W   34
Task    9 :: 	grid coordinates :   1,   1
	neighbours: N    1    E   10    S   17    W    8
Task   49 :: 	grid coordinates :   1,   6
	neighbours: N   41    E   50    S   57    W   48
Task   44 :: 	grid coordinates :   4,   5
	neighbours: N   36    E   45    S   52    W   43
Task   60 :: 	grid coordinates :   4,   7
	neighbours: N   52    E   61    S   -2    W   59
Task   36 :: 	grid coordinates :   4,   4
	neighbours: N   28    E   37    S   44    W   35
Task   10 :: 	grid coordinates :   2,   1
	neighbours: N    2    E   11    S   18    W    9
Task   50 :: 	grid coordinates :   2,   6
	neighbours: N   42    E   51    S   58    W   49
Task   45 :: 	grid coordinates :   5,   5
	neighbours: N   37    E   46    S   53    W   44
Task   61 :: 	grid coordinates :   5,   7
	neighbours: N   53    E   62    S   -2    W   60
Task   37 :: 	grid coordinates :   5,   4
	neighbours: N   29    E   38    S   45    W   36
Task   11 :: 	grid coordinates :   3,   1
	neighbours: N    3    E   12    S   19    W   10
Task   51 :: 	grid coordinates :   3,   6
	neighbours: N   43    E   52    S   59    W   50
Task   46 :: 	grid coordinates :   6,   5
	neighbours: N   38    E   47    S   54    W   45
Task   62 :: 	grid coordinates :   6,   7
	neighbours: N   54    E   63    S   -2    W   61
Task   38 :: 	grid coordinates :   6,   4
	neighbours: N   30    E   39    S   46    W   37
Task   12 :: 	grid coordinates :   4,   1
	neighbours: N    4    E   13    S   20    W   11
Task   52 :: 	grid coordinates :   4,   6
	neighbours: N   44    E   53    S   60    W   51
Task   47 :: 	grid coordinates :   7,   5
	neighbours: N   39    E   -2    S   55    W   46
Task   63 :: 	grid coordinates :   7,   7
	neighbours: N   55    E   -2    S   -2    W   62
Task   39 :: 	grid coordinates :   7,   4
	neighbours: N   31    E   -2    S   47    W   38
Task   13 :: 	grid coordinates :   5,   1
	neighbours: N    5    E   14    S   21    W   12
Task   53 :: 	grid coordinates :   5,   6
	neighbours: N   45    E   54    S   61    W   52
Task   14 :: 	grid coordinates :   6,   1
	neighbours: N    6    E   15    S   22    W   13
Task   54 :: 	grid coordinates :   6,   6
	neighbours: N   46    E   55    S   62    W   53
Task   15 :: 	grid coordinates :   7,   1
	neighbours: N    7    E   -2    S   23    W   14
Task   55 :: 	grid coordinates :   7,   6
	neighbours: N   47    E   -2    S   63    W   54
Task    0 :: 	grid coordinates :   0,   0
	neighbours: N   -2    E    1    S    8    W   -2
Task    1 :: 	grid coordinates :   1,   0
	neighbours: N   -2    E    2    S    9    W    0
Task    2 :: 	grid coordinates :   2,   0
	neighbours: N   -2    E    3    S   10    W    1
Task    3 :: 	grid coordinates :   3,   0
	neighbours: N   -2    E    4    S   11    W    2
Task    4 :: 	grid coordinates :   4,   0
	neighbours: N   -2    E    5    S   12    W    3
Task    5 :: 	grid coordinates :   5,   0
	neighbours: N   -2    E    6    S   13    W    4
Task    6 :: 	grid coordinates :   6,   0
	neighbours: N   -2    E    7    S   14    W    5
Task    7 :: 	grid coordinates :   7,   0
	neighbours: N   -2    E   -2    S   15    W    6
---------Rank: 0 	 Elapsed time:5.481981---------
---------Rank: 8 	 Elapsed time:5.488588---------
---------Rank: 56 	 Elapsed time:5.475434---------
---------Rank: 57 	 Elapsed time:5.476261---------
---------Rank: 58 	 Elapsed time:5.477415---------
---------Rank: 59 	 Elapsed time:5.478413---------
---------Rank: 62 	 Elapsed time:5.475795---------
---------Rank: 60 	 Elapsed time:5.476545---------
---------Rank: 61 	 Elapsed time:5.476548---------
---------Rank: 63 	 Elapsed time:5.474698---------
---------Rank: 51 	 Elapsed time:5.483099---------
---------Rank: 49 	 Elapsed time:5.480887---------
---------Rank: 50 	 Elapsed time:5.482026---------
---------Rank: 9 	 Elapsed time:5.489716---------
---------Rank: 10 	 Elapsed time:5.490811---------
---------Rank: 12 	 Elapsed time:5.491522---------
---------Rank: 15 	 Elapsed time:5.490053---------
---------Rank: 48 	 Elapsed time:5.480087---------
---------Rank: 11 	 Elapsed time:5.491528---------
---------Rank: 13 	 Elapsed time:5.491528---------
---------Rank: 53 	 Elapsed time:5.485003---------
---------Rank: 54 	 Elapsed time:5.484200---------
---------Rank: 55 	 Elapsed time:5.483104---------
---------Rank: 52 	 Elapsed time:5.485003---------
---------Rank: 14 	 Elapsed time:5.490628---------
---------Rank: 41 	 Elapsed time:5.489348---------
---------Rank: 42 	 Elapsed time:5.490544---------
---------Rank: 40 	 Elapsed time:5.488664---------
---------Rank: 44 	 Elapsed time:5.489772---------
---------Rank: 45 	 Elapsed time:5.489778---------
---------Rank: 46 	 Elapsed time:5.488990---------
---------Rank: 47 	 Elapsed time:5.487880---------
---------Rank: 32 	 Elapsed time:5.493334---------
---------Rank: 33 	 Elapsed time:5.493959---------
---------Rank: 34 	 Elapsed time:5.494868---------
---------Rank: 35 	 Elapsed time:5.496343---------
---------Rank: 36 	 Elapsed time:5.498222---------
---------Rank: 37 	 Elapsed time:5.498222---------
---------Rank: 38 	 Elapsed time:5.497383---------
---------Rank: 39 	 Elapsed time:5.496343---------
---------Rank: 1 	 Elapsed time:5.483136---------
---------Rank: 4 	 Elapsed time:5.484977---------
---------Rank: 6 	 Elapsed time:5.484507---------
---------Rank: 43 	 Elapsed time:5.491601---------
---------Rank: 5 	 Elapsed time:5.484980---------
---------Rank: 2 	 Elapsed time:5.484252---------
---------Rank: 3 	 Elapsed time:5.484936---------
total injected energy is 300000, system energy is 299524 ( in avg 0.0212995 per grid point)
Comp time,Comms time
5.490233,0.396814

---------Rank: 25 	 Elapsed time:5.504146---------
---------Rank: 26 	 Elapsed time:5.505001---------
---------Rank: 27 	 Elapsed time:5.506543---------
---------Rank: 28 	 Elapsed time:5.504720---------
---------Rank: 29 	 Elapsed time:5.504731---------
---------Rank: 30 	 Elapsed time:5.503832---------
---------Rank: 31 	 Elapsed time:5.502427---------
---------Rank: 18 	 Elapsed time:5.497421---------
---------Rank: 19 	 Elapsed time:5.498126---------
---------Rank: 23 	 Elapsed time:5.498554---------
---------Rank: 24 	 Elapsed time:5.502765---------
---------Rank: 17 	 Elapsed time:5.496271---------
---------Rank: 20 	 Elapsed time:5.500007---------
---------Rank: 21 	 Elapsed time:5.500019---------
---------Rank: 22 	 Elapsed time:5.499100---------
---------Rank: 7 	 Elapsed time:5.483484---------
---------Rank: 16 	 Elapsed time:5.494836---------
Total_time: 7.128414741
