Tasks are decomposed in a grid 8 x 4

Task   24 :: 	grid coordinates :   0,   3
	neighbours: N   16    E   25    S   -2    W   -2
Task   16 :: 	grid coordinates :   0,   2
	neighbours: N    8    E   17    S   24    W   -2
Task    8 :: 	grid coordinates :   0,   1
	neighbours: N    0    E    9    S   16    W   -2
Task    9 :: 	grid coordinates :   1,   1
	neighbours: N    1    E   10    S   17    W    8
Task   25 :: 	grid coordinates :   1,   3
	neighbours: N   17    E   26    S   -2    W   24
Task   17 :: 	grid coordinates :   1,   2
	neighbours: N    9    E   18    S   25    W   16
Task   10 :: 	grid coordinates :   2,   1
	neighbours: N    2    E   11    S   18    W    9
Task   26 :: 	grid coordinates :   2,   3
	neighbours: N   18    E   27    S   -2    W   25
Task   18 :: 	grid coordinates :   2,   2
	neighbours: N   10    E   19    S   26    W   17
Task   11 :: 	grid coordinates :   3,   1
	neighbours: N    3    E   12    S   19    W   10
Task   27 :: 	grid coordinates :   3,   3
	neighbours: N   19    E   28    S   -2    W   26
Task   19 :: 	grid coordinates :   3,   2
	neighbours: N   11    E   20    S   27    W   18
Task   12 :: 	grid coordinates :   4,   1
	neighbours: N    4    E   13    S   20    W   11
Task   28 :: 	grid coordinates :   4,   3
	neighbours: N   20    E   29    S   -2    W   27
Task   20 :: 	grid coordinates :   4,   2
	neighbours: N   12    E   21    S   28    W   19
Task   13 :: 	grid coordinates :   5,   1
	neighbours: N    5    E   14    S   21    W   12
Task   29 :: 	grid coordinates :   5,   3
	neighbours: N   21    E   30    S   -2    W   28
Task   21 :: 	grid coordinates :   5,   2
	neighbours: N   13    E   22    S   29    W   20
Task   14 :: 	grid coordinates :   6,   1
	neighbours: N    6    E   15    S   22    W   13
Task   30 :: 	grid coordinates :   6,   3
	neighbours: N   22    E   31    S   -2    W   29
Task   22 :: 	grid coordinates :   6,   2
	neighbours: N   14    E   23    S   30    W   21
Task   15 :: 	grid coordinates :   7,   1
	neighbours: N    7    E   -2    S   23    W   14
Task   31 :: 	grid coordinates :   7,   3
	neighbours: N   23    E   -2    S   -2    W   30
Task   23 :: 	grid coordinates :   7,   2
	neighbours: N   15    E   -2    S   31    W   22
Task    0 :: 	grid coordinates :   0,   0
	neighbours: N   -2    E    1    S    8    W   -2
Task    1 :: 	grid coordinates :   1,   0
	neighbours: N   -2    E    2    S    9    W    0
Task    2 :: 	grid coordinates :   2,   0
	neighbours: N   -2    E    3    S   10    W    1
Task    3 :: 	grid coordinates :   3,   0
	neighbours: N   -2    E    4    S   11    W    2
Task    4 :: 	grid coordinates :   4,   0
	neighbours: N   -2    E    5    S   12    W    3
Task    5 :: 	grid coordinates :   5,   0
	neighbours: N   -2    E    6    S   13    W    4
Task    6 :: 	grid coordinates :   6,   0
	neighbours: N   -2    E    7    S   14    W    5
Task    7 :: 	grid coordinates :   7,   0
	neighbours: N   -2    E   -2    S   15    W    6
---------Rank: 0 	 Elapsed time:11.094533---------
---------Rank: 23 	 Elapsed time:11.093322---------
---------Rank: 26 	 Elapsed time:11.091094---------
---------Rank: 20 	 Elapsed time:11.093783---------
---------Rank: 21 	 Elapsed time:11.093817---------
---------Rank: 22 	 Elapsed time:11.093816---------
---------Rank: 16 	 Elapsed time:11.089001---------
---------Rank: 17 	 Elapsed time:11.091606---------
---------Rank: 18 	 Elapsed time:11.092309---------
---------Rank: 19 	 Elapsed time:11.093336---------
---------Rank: 12 	 Elapsed time:11.105542---------
---------Rank: 13 	 Elapsed time:11.105558---------
---------Rank: 1 	 Elapsed time:11.097104---------
---------Rank: 6 	 Elapsed time:11.098661---------
---------Rank: 5 	 Elapsed time:11.098670---------
---------Rank: 15 	 Elapsed time:11.104387---------
---------Rank: 7 	 Elapsed time:11.098593---------
---------Rank: 4 	 Elapsed time:11.098687---------
---------Rank: 14 	 Elapsed time:11.105557---------
---------Rank: 10 	 Elapsed time:11.103259---------
total injected energy is 300000, system energy is 299688 ( in avg 0.0106556 per grid point)
Comp time,Comms time
11.096290,0.557649

---------Rank: 3 	 Elapsed time:11.098279---------
---------Rank: 11 	 Elapsed time:11.104525---------
---------Rank: 9 	 Elapsed time:11.102517---------
---------Rank: 8 	 Elapsed time:11.101819---------
---------Rank: 2 	 Elapsed time:11.097587---------
---------Rank: 27 	 Elapsed time:11.091115---------
---------Rank: 25 	 Elapsed time:11.091110---------
---------Rank: 28 	 Elapsed time:11.090795---------
---------Rank: 29 	 Elapsed time:11.089839---------
---------Rank: 31 	 Elapsed time:11.090511---------
---------Rank: 30 	 Elapsed time:11.090524---------
---------Rank: 24 	 Elapsed time:11.090009---------
Total_time: 12.962934568
