==115576== Cachegrind, a high-precision tracing profiler
==115576== Copyright (C) 2002-2024, and GNU GPL'd, by Nicholas Nethercote et al.
==115576== Using Valgrind-3.24.0 and LibVEX; rerun with -h for copyright info
==115576== Command: ./stencil_parallel -x 512 -y 512 -o 0 -v 0 -n 100
==115576== Parent PID: 115558
==115576== 
--115576-- warning: L3 cache found, using its data for the LL simulation.
==115576== WARNING: valgrind ignores shmget(shmflg) SHM_HUGETLB
==115576== 
==115576== I refs:        757,006,422
==115576== I1  misses:        189,499
==115576== LLi misses:         61,167
==115576== I1  miss rate:        0.03%
==115576== LLi miss rate:        0.01%
==115576== 
==115576== D refs:        208,643,334  (161,591,952 rd   + 47,051,382 wr)
==115576== D1  misses:      8,288,492  (  4,611,037 rd   +  3,677,455 wr)
==115576== LLd misses:      7,232,975  (  3,653,761 rd   +  3,579,214 wr)
==115576== D1  miss rate:         4.0% (        2.9%     +        7.8%  )
==115576== LLd miss rate:         3.5% (        2.3%     +        7.6%  )
==115576== 
==115576== LL refs:         8,477,991  (  4,800,536 rd   +  3,677,455 wr)
==115576== LL misses:       7,294,142  (  3,714,928 rd   +  3,579,214 wr)
==115576== LL miss rate:          0.8% (        0.4%     +        7.6%  )
==115576== 
==115576== Branches:       80,080,078  ( 78,353,384 cond +  1,726,694 ind)
==115576== Mispredicts:       958,780  (    738,528 cond +    220,252 ind)
==115576== Mispred rate:          1.2% (        0.9%     +       12.8%   )
