Tasks are decomposed in a grid 8 x 4

Task    0 :: 	grid coordinates :   0,   0
	neighbours: N   -2    E    1    S    8    W   -2
Task    8 :: 	grid coordinates :   0,   1
	neighbours: N    0    E    9    S   16    W   -2
Task   24 :: 	grid coordinates :   0,   3
	neighbours: N   16    E   25    S   -2    W   -2
Task   16 :: 	grid coordinates :   0,   2
	neighbours: N    8    E   17    S   24    W   -2
Task   25 :: 	grid coordinates :   1,   3
	neighbours: N   17    E   26    S   -2    W   24
Task   26 :: 	grid coordinates :   2,   3
	neighbours: N   18    E   27    S   -2    W   25
Task   27 :: 	grid coordinates :   3,   3
	neighbours: N   19    E   28    S   -2    W   26
Task   28 :: 	grid coordinates :   4,   3
	neighbours: N   20    E   29    S   -2    W   27
Task   29 :: 	grid coordinates :   5,   3
	neighbours: N   21    E   30    S   -2    W   28
Task   30 :: 	grid coordinates :   6,   3
	neighbours: N   22    E   31    S   -2    W   29
Task   31 :: 	grid coordinates :   7,   3
	neighbours: N   23    E   -2    S   -2    W   30
Task    9 :: 	grid coordinates :   1,   1
	neighbours: N    1    E   10    S   17    W    8
Task   17 :: 	grid coordinates :   1,   2
	neighbours: N    9    E   18    S   25    W   16
Task   10 :: 	grid coordinates :   2,   1
	neighbours: N    2    E   11    S   18    W    9
Task   18 :: 	grid coordinates :   2,   2
	neighbours: N   10    E   19    S   26    W   17
Task   11 :: 	grid coordinates :   3,   1
	neighbours: N    3    E   12    S   19    W   10
Task   19 :: 	grid coordinates :   3,   2
	neighbours: N   11    E   20    S   27    W   18
Task   12 :: 	grid coordinates :   4,   1
	neighbours: N    4    E   13    S   20    W   11
Task   20 :: 	grid coordinates :   4,   2
	neighbours: N   12    E   21    S   28    W   19
Task   13 :: 	grid coordinates :   5,   1
	neighbours: N    5    E   14    S   21    W   12
Task   21 :: 	grid coordinates :   5,   2
	neighbours: N   13    E   22    S   29    W   20
Task   14 :: 	grid coordinates :   6,   1
	neighbours: N    6    E   15    S   22    W   13
Task   22 :: 	grid coordinates :   6,   2
	neighbours: N   14    E   23    S   30    W   21
Task   15 :: 	grid coordinates :   7,   1
	neighbours: N    7    E   -2    S   23    W   14
Task   23 :: 	grid coordinates :   7,   2
	neighbours: N   15    E   -2    S   31    W   22
Task    1 :: 	grid coordinates :   1,   0
	neighbours: N   -2    E    2    S    9    W    0
Task    2 :: 	grid coordinates :   2,   0
	neighbours: N   -2    E    3    S   10    W    1
Task    3 :: 	grid coordinates :   3,   0
	neighbours: N   -2    E    4    S   11    W    2
Task    4 :: 	grid coordinates :   4,   0
	neighbours: N   -2    E    5    S   12    W    3
Task    5 :: 	grid coordinates :   5,   0
	neighbours: N   -2    E    6    S   13    W    4
Task    6 :: 	grid coordinates :   6,   0
	neighbours: N   -2    E    7    S   14    W    5
Task    7 :: 	grid coordinates :   7,   0
	neighbours: N   -2    E   -2    S   15    W    6
---------Rank: 0 	 Elapsed time:11.128355---------
---------Rank: 12 	 Elapsed time:11.125121---------
---------Rank: 31 	 Elapsed time:11.133097---------
---------Rank: 29 	 Elapsed time:11.134196---------
---------Rank: 28 	 Elapsed time:11.134215---------
---------Rank: 11 	 Elapsed time:11.125118---------
---------Rank: 24 	 Elapsed time:11.132768---------
---------Rank: 20 	 Elapsed time:11.133983---------
---------Rank: 25 	 Elapsed time:11.133724---------
---------Rank: 26 	 Elapsed time:11.133970---------
---------Rank: 30 	 Elapsed time:11.133354---------
---------Rank: 8 	 Elapsed time:11.123336---------
---------Rank: 9 	 Elapsed time:11.123600---------
---------Rank: 10 	 Elapsed time:11.124487---------
---------Rank: 13 	 Elapsed time:11.125086---------
---------Rank: 14 	 Elapsed time:11.124757---------
---------Rank: 4 	 Elapsed time:11.132619---------
---------Rank: 5 	 Elapsed time:11.132620---------
---------Rank: 6 	 Elapsed time:11.131676---------
---------Rank: 7 	 Elapsed time:11.130784---------
---------Rank: 27 	 Elapsed time:11.134239---------
---------Rank: 1 	 Elapsed time:11.130782---------
---------Rank: 2 	 Elapsed time:11.131615---------
---------Rank: 3 	 Elapsed time:11.132629---------
---------Rank: 15 	 Elapsed time:11.124179---------
---------Rank: 17 	 Elapsed time:11.133312---------
total injected energy is 300000, system energy is 298364 ( in avg 0.0106085 per grid point)
Total time,Comms time
11.130723,0.629067

---------Rank: 16 	 Elapsed time:11.131039---------
---------Rank: 18 	 Elapsed time:11.133696---------
---------Rank: 19 	 Elapsed time:11.133983---------
---------Rank: 21 	 Elapsed time:11.133971---------
---------Rank: 22 	 Elapsed time:11.133591---------
---------Rank: 23 	 Elapsed time:11.133220---------
